[0.063s] DEBUG:colcon:Command line arguments: ['/usr/bin/colcon', 'build']
[0.063s] DEBUG:colcon:Parsed command line arguments: Namespace(log_base=None, log_level=None, verb_name='build', build_base='build', install_base='install', merge_install=False, symlink_install=False, test_result_base=None, continue_on_error=False, executor='parallel', parallel_workers=22, event_handlers=None, ignore_user_meta=False, metas=['./colcon.meta'], base_paths=['.'], packages_ignore=None, packages_ignore_regex=None, paths=None, packages_up_to=None, packages_up_to_regex=None, packages_above=None, packages_above_and_dependencies=None, packages_above_depth=None, packages_select_by_dep=None, packages_skip_by_dep=None, packages_skip_up_to=None, packages_select_build_failed=False, packages_skip_build_finished=False, packages_select_test_failures=False, packages_skip_test_passed=False, packages_select=None, packages_skip=None, packages_select_regex=None, packages_skip_regex=None, packages_start=None, packages_end=None, cmake_args=None, cmake_target=None, cmake_target_skip_unavailable=False, cmake_clean_cache=False, cmake_clean_first=False, cmake_force_configure=False, ament_cmake_args=None, catkin_cmake_args=None, catkin_skip_building_tests=False, mixin_files=None, mixin=None, verb_parser=<colcon_mixin.mixin.mixin_argument.MixinArgumentDecorator object at 0x7fa05ced8770>, verb_extension=<colcon_core.verb.build.BuildVerb object at 0x7fa05d034d70>, main=<bound method BuildVerb.main of <colcon_core.verb.build.BuildVerb object at 0x7fa05d034d70>>, mixin_verb=('build',))
[0.085s] Level 1:colcon.colcon_core.package_discovery:discover_packages(colcon_meta) check parameters
[0.086s] INFO:colcon.colcon_metadata.package_discovery.colcon_meta:Using configuration from '/root/.colcon/metadata/default/Gazebo.meta'
[0.086s] INFO:colcon.colcon_metadata.package_discovery.colcon_meta:Using configuration from '/root/.colcon/metadata/default/fastdds.meta'
[0.086s] INFO:colcon.colcon_metadata.package_discovery.colcon_meta:Using configuration from '/root/.colcon/metadata/default/fastrtps.meta'
[0.086s] Level 1:colcon.colcon_core.package_discovery:discover_packages(recursive) check parameters
[0.086s] Level 1:colcon.colcon_core.package_discovery:discover_packages(ignore) check parameters
[0.086s] Level 1:colcon.colcon_core.package_discovery:discover_packages(path) check parameters
[0.086s] Level 1:colcon.colcon_core.package_discovery:discover_packages(colcon_meta) discover
[0.086s] Level 1:colcon.colcon_core.package_discovery:discover_packages(recursive) discover
[0.086s] INFO:colcon.colcon_core.package_discovery:Crawling recursively for packages in '/root/devws/src/turtlebot3_gazebo'
[0.086s] Level 1:colcon.colcon_core.package_identification:_identify(.) by extensions ['ignore', 'ignore_ament_install']
[0.086s] Level 1:colcon.colcon_core.package_identification:_identify(.) by extension 'ignore'
[0.086s] Level 1:colcon.colcon_core.package_identification:_identify(.) by extension 'ignore_ament_install'
[0.086s] Level 1:colcon.colcon_core.package_identification:_identify(.) by extensions ['colcon_pkg']
[0.086s] Level 1:colcon.colcon_core.package_identification:_identify(.) by extension 'colcon_pkg'
[0.086s] Level 1:colcon.colcon_core.package_identification:_identify(.) by extensions ['colcon_meta']
[0.086s] Level 1:colcon.colcon_core.package_identification:_identify(.) by extension 'colcon_meta'
[0.086s] Level 1:colcon.colcon_core.package_identification:_identify(.) by extensions ['ros']
[0.086s] Level 1:colcon.colcon_core.package_identification:_identify(.) by extension 'ros'
[0.104s] DEBUG:colcon.colcon_core.package_identification:Package '.' with type 'ros.ament_cmake' and name 'turtlebot3_gazebo'
[0.104s] Level 1:colcon.colcon_core.package_discovery:discover_packages(recursive) using defaults
[0.104s] Level 1:colcon.colcon_core.package_discovery:discover_packages(ignore) discover
[0.104s] Level 1:colcon.colcon_core.package_discovery:discover_packages(ignore) using defaults
[0.104s] Level 1:colcon.colcon_core.package_discovery:discover_packages(path) discover
[0.104s] Level 1:colcon.colcon_core.package_discovery:discover_packages(path) using defaults
[0.115s] Level 5:colcon.colcon_core.verb:set package 'turtlebot3_gazebo' build argument 'cmake_args' from command line to 'None'
[0.115s] Level 5:colcon.colcon_core.verb:set package 'turtlebot3_gazebo' build argument 'cmake_target' from command line to 'None'
[0.115s] Level 5:colcon.colcon_core.verb:set package 'turtlebot3_gazebo' build argument 'cmake_target_skip_unavailable' from command line to 'False'
[0.115s] Level 5:colcon.colcon_core.verb:set package 'turtlebot3_gazebo' build argument 'cmake_clean_cache' from command line to 'False'
[0.115s] Level 5:colcon.colcon_core.verb:set package 'turtlebot3_gazebo' build argument 'cmake_clean_first' from command line to 'False'
[0.115s] Level 5:colcon.colcon_core.verb:set package 'turtlebot3_gazebo' build argument 'cmake_force_configure' from command line to 'False'
[0.115s] Level 5:colcon.colcon_core.verb:set package 'turtlebot3_gazebo' build argument 'ament_cmake_args' from command line to 'None'
[0.115s] Level 5:colcon.colcon_core.verb:set package 'turtlebot3_gazebo' build argument 'catkin_cmake_args' from command line to 'None'
[0.115s] Level 5:colcon.colcon_core.verb:set package 'turtlebot3_gazebo' build argument 'catkin_skip_building_tests' from command line to 'False'
[0.115s] DEBUG:colcon.colcon_core.verb:Building package 'turtlebot3_gazebo' with the following arguments: {'ament_cmake_args': None, 'build_base': '/root/devws/src/turtlebot3_gazebo/build/turtlebot3_gazebo', 'catkin_cmake_args': None, 'catkin_skip_building_tests': False, 'cmake_args': None, 'cmake_clean_cache': False, 'cmake_clean_first': False, 'cmake_force_configure': False, 'cmake_target': None, 'cmake_target_skip_unavailable': False, 'install_base': '/root/devws/src/turtlebot3_gazebo/install/turtlebot3_gazebo', 'merge_install': False, 'path': '/root/devws/src/turtlebot3_gazebo', 'symlink_install': False, 'test_result_base': None}
[0.115s] INFO:colcon.colcon_core.executor:Executing jobs using 'parallel' executor
[0.116s] DEBUG:colcon.colcon_parallel_executor.executor.parallel:run_until_complete
[0.116s] INFO:colcon.colcon_ros.task.ament_cmake.build:Building ROS package in '/root/devws/src/turtlebot3_gazebo' with build type 'ament_cmake'
[0.116s] INFO:colcon.colcon_cmake.task.cmake.build:Building CMake package in '/root/devws/src/turtlebot3_gazebo'
[0.117s] INFO:colcon.colcon_core.plugin_system:Skipping extension 'colcon_core.shell.bat': Not used on non-Windows systems
[0.117s] INFO:colcon.colcon_core.shell:Skip shell extension 'powershell' for command environment: Not usable outside of PowerShell
[0.117s] DEBUG:colcon.colcon_core.shell:Skip shell extension 'dsv' for command environment
[0.125s] DEBUG:colcon.colcon_core.event_handler.log_command:Invoking command in '/root/devws/src/turtlebot3_gazebo/build/turtlebot3_gazebo': CMAKE_PREFIX_PATH=${CMAKE_PREFIX_PATH}:/root/devws/install/rostut:/root/devws/install/lid_control:/opt/ros/jazzy /usr/bin/cmake /root/devws/src/turtlebot3_gazebo -DCMAKE_INSTALL_PREFIX=/root/devws/src/turtlebot3_gazebo/install/turtlebot3_gazebo
[1.108s] DEBUG:colcon.colcon_core.event_handler.log_command:Invoked command in '/root/devws/src/turtlebot3_gazebo/build/turtlebot3_gazebo' returned '0': CMAKE_PREFIX_PATH=${CMAKE_PREFIX_PATH}:/root/devws/install/rostut:/root/devws/install/lid_control:/opt/ros/jazzy /usr/bin/cmake /root/devws/src/turtlebot3_gazebo -DCMAKE_INSTALL_PREFIX=/root/devws/src/turtlebot3_gazebo/install/turtlebot3_gazebo
[1.108s] DEBUG:colcon.colcon_core.event_handler.log_command:Invoking command in '/root/devws/src/turtlebot3_gazebo/build/turtlebot3_gazebo': CMAKE_PREFIX_PATH=${CMAKE_PREFIX_PATH}:/root/devws/install/rostut:/root/devws/install/lid_control:/opt/ros/jazzy /usr/bin/cmake --build /root/devws/src/turtlebot3_gazebo/build/turtlebot3_gazebo -- -j22 -l22
[7.542s] DEBUG:colcon.colcon_core.event_handler.log_command:Invoked command in '/root/devws/src/turtlebot3_gazebo/build/turtlebot3_gazebo' returned '0': CMAKE_PREFIX_PATH=${CMAKE_PREFIX_PATH}:/root/devws/install/rostut:/root/devws/install/lid_control:/opt/ros/jazzy /usr/bin/cmake --build /root/devws/src/turtlebot3_gazebo/build/turtlebot3_gazebo -- -j22 -l22
[7.548s] DEBUG:colcon.colcon_core.event_handler.log_command:Invoking command in '/root/devws/src/turtlebot3_gazebo/build/turtlebot3_gazebo': CMAKE_PREFIX_PATH=${CMAKE_PREFIX_PATH}:/root/devws/install/rostut:/root/devws/install/lid_control:/opt/ros/jazzy /usr/bin/cmake --install /root/devws/src/turtlebot3_gazebo/build/turtlebot3_gazebo
[7.570s] Level 1:colcon.colcon_core.environment:create_environment_scripts_only(turtlebot3_gazebo)
[7.574s] Level 1:colcon.colcon_core.environment:checking '/root/devws/src/turtlebot3_gazebo/install/turtlebot3_gazebo' for CMake module files
[7.575s] Level 1:colcon.colcon_core.environment:checking '/root/devws/src/turtlebot3_gazebo/install/turtlebot3_gazebo' for CMake config files
[7.577s] DEBUG:colcon.colcon_core.event_handler.log_command:Invoked command in '/root/devws/src/turtlebot3_gazebo/build/turtlebot3_gazebo' returned '0': CMAKE_PREFIX_PATH=${CMAKE_PREFIX_PATH}:/root/devws/install/rostut:/root/devws/install/lid_control:/opt/ros/jazzy /usr/bin/cmake --install /root/devws/src/turtlebot3_gazebo/build/turtlebot3_gazebo
[7.578s] Level 1:colcon.colcon_core.shell:create_environment_hook('turtlebot3_gazebo', 'cmake_prefix_path')
[7.578s] INFO:colcon.colcon_core.shell:Creating environment hook '/root/devws/src/turtlebot3_gazebo/install/turtlebot3_gazebo/share/turtlebot3_gazebo/hook/cmake_prefix_path.ps1'
[7.578s] INFO:colcon.colcon_core.shell:Creating environment descriptor '/root/devws/src/turtlebot3_gazebo/install/turtlebot3_gazebo/share/turtlebot3_gazebo/hook/cmake_prefix_path.dsv'
[7.578s] INFO:colcon.colcon_core.shell:Creating environment hook '/root/devws/src/turtlebot3_gazebo/install/turtlebot3_gazebo/share/turtlebot3_gazebo/hook/cmake_prefix_path.sh'
[7.579s] Level 1:colcon.colcon_core.environment:checking '/root/devws/src/turtlebot3_gazebo/install/turtlebot3_gazebo/lib'
[7.579s] Level 1:colcon.colcon_core.environment:checking '/root/devws/src/turtlebot3_gazebo/install/turtlebot3_gazebo/bin'
[7.579s] Level 1:colcon.colcon_core.environment:checking '/root/devws/src/turtlebot3_gazebo/install/turtlebot3_gazebo/lib/pkgconfig/turtlebot3_gazebo.pc'
[7.581s] Level 1:colcon.colcon_core.environment:checking '/root/devws/src/turtlebot3_gazebo/install/turtlebot3_gazebo/lib/python3.12/site-packages'
[7.581s] Level 1:colcon.colcon_core.environment:checking '/root/devws/src/turtlebot3_gazebo/install/turtlebot3_gazebo/bin'
[7.581s] INFO:colcon.colcon_core.shell:Creating package script '/root/devws/src/turtlebot3_gazebo/install/turtlebot3_gazebo/share/turtlebot3_gazebo/package.ps1'
[7.581s] INFO:colcon.colcon_core.shell:Creating package descriptor '/root/devws/src/turtlebot3_gazebo/install/turtlebot3_gazebo/share/turtlebot3_gazebo/package.dsv'
[7.582s] INFO:colcon.colcon_core.shell:Creating package script '/root/devws/src/turtlebot3_gazebo/install/turtlebot3_gazebo/share/turtlebot3_gazebo/package.sh'
[7.582s] INFO:colcon.colcon_core.shell:Creating package script '/root/devws/src/turtlebot3_gazebo/install/turtlebot3_gazebo/share/turtlebot3_gazebo/package.bash'
[7.582s] INFO:colcon.colcon_core.shell:Creating package script '/root/devws/src/turtlebot3_gazebo/install/turtlebot3_gazebo/share/turtlebot3_gazebo/package.zsh'
[7.582s] Level 1:colcon.colcon_core.environment:create_file_with_runtime_dependencies(/root/devws/src/turtlebot3_gazebo/install/turtlebot3_gazebo/share/colcon-core/packages/turtlebot3_gazebo)
[7.583s] Level 1:colcon.colcon_core.environment:create_environment_scripts_only(turtlebot3_gazebo)
[7.583s] Level 1:colcon.colcon_core.environment:checking '/root/devws/src/turtlebot3_gazebo/install/turtlebot3_gazebo' for CMake module files
[7.583s] Level 1:colcon.colcon_core.environment:checking '/root/devws/src/turtlebot3_gazebo/install/turtlebot3_gazebo' for CMake config files
[7.583s] Level 1:colcon.colcon_core.shell:create_environment_hook('turtlebot3_gazebo', 'cmake_prefix_path')
[7.584s] INFO:colcon.colcon_core.shell:Creating environment hook '/root/devws/src/turtlebot3_gazebo/install/turtlebot3_gazebo/share/turtlebot3_gazebo/hook/cmake_prefix_path.ps1'
[7.584s] INFO:colcon.colcon_core.shell:Creating environment descriptor '/root/devws/src/turtlebot3_gazebo/install/turtlebot3_gazebo/share/turtlebot3_gazebo/hook/cmake_prefix_path.dsv'
[7.584s] INFO:colcon.colcon_core.shell:Creating environment hook '/root/devws/src/turtlebot3_gazebo/install/turtlebot3_gazebo/share/turtlebot3_gazebo/hook/cmake_prefix_path.sh'
[7.584s] Level 1:colcon.colcon_core.environment:checking '/root/devws/src/turtlebot3_gazebo/install/turtlebot3_gazebo/lib'
[7.584s] Level 1:colcon.colcon_core.environment:checking '/root/devws/src/turtlebot3_gazebo/install/turtlebot3_gazebo/bin'
[7.584s] Level 1:colcon.colcon_core.environment:checking '/root/devws/src/turtlebot3_gazebo/install/turtlebot3_gazebo/lib/pkgconfig/turtlebot3_gazebo.pc'
[7.584s] Level 1:colcon.colcon_core.environment:checking '/root/devws/src/turtlebot3_gazebo/install/turtlebot3_gazebo/lib/python3.12/site-packages'
[7.585s] Level 1:colcon.colcon_core.environment:checking '/root/devws/src/turtlebot3_gazebo/install/turtlebot3_gazebo/bin'
[7.585s] INFO:colcon.colcon_core.shell:Creating package script '/root/devws/src/turtlebot3_gazebo/install/turtlebot3_gazebo/share/turtlebot3_gazebo/package.ps1'
[7.585s] INFO:colcon.colcon_core.shell:Creating package descriptor '/root/devws/src/turtlebot3_gazebo/install/turtlebot3_gazebo/share/turtlebot3_gazebo/package.dsv'
[7.585s] INFO:colcon.colcon_core.shell:Creating package script '/root/devws/src/turtlebot3_gazebo/install/turtlebot3_gazebo/share/turtlebot3_gazebo/package.sh'
[7.585s] INFO:colcon.colcon_core.shell:Creating package script '/root/devws/src/turtlebot3_gazebo/install/turtlebot3_gazebo/share/turtlebot3_gazebo/package.bash'
[7.586s] INFO:colcon.colcon_core.shell:Creating package script '/root/devws/src/turtlebot3_gazebo/install/turtlebot3_gazebo/share/turtlebot3_gazebo/package.zsh'
[7.586s] Level 1:colcon.colcon_core.environment:create_file_with_runtime_dependencies(/root/devws/src/turtlebot3_gazebo/install/turtlebot3_gazebo/share/colcon-core/packages/turtlebot3_gazebo)
[7.586s] DEBUG:colcon.colcon_parallel_executor.executor.parallel:closing loop
[7.586s] DEBUG:colcon.colcon_parallel_executor.executor.parallel:loop closed
[7.586s] DEBUG:colcon.colcon_parallel_executor.executor.parallel:run_until_complete finished with '0'
[7.586s] DEBUG:colcon.colcon_core.event_reactor:joining thread
[7.590s] INFO:colcon.colcon_core.plugin_system:Skipping extension 'colcon_notification.desktop_notification.notify_send': Could not find 'notify-send'
[7.590s] INFO:colcon.colcon_core.plugin_system:Skipping extension 'colcon_notification.desktop_notification.terminal_notifier': Not used on non-Darwin systems
[7.590s] INFO:colcon.colcon_core.plugin_system:Skipping extension 'colcon_notification.desktop_notification.win32': Not used on non-Windows systems
[7.590s] INFO:colcon.colcon_notification.desktop_notification:Sending desktop notification using 'notify2'
[7.591s] DEBUG:colcon.colcon_notification.desktop_notification.notify2:Failed to initialize notify2: org.freedesktop.DBus.Error.Spawn.ExecFailed: /usr/bin/dbus-launch terminated abnormally without any error message
[7.591s] DEBUG:colcon.colcon_core.event_reactor:joined thread
[7.592s] INFO:colcon.colcon_core.shell:Creating prefix script '/root/devws/src/turtlebot3_gazebo/install/local_setup.ps1'
[7.592s] INFO:colcon.colcon_core.shell:Creating prefix util module '/root/devws/src/turtlebot3_gazebo/install/_local_setup_util_ps1.py'
[7.593s] INFO:colcon.colcon_core.shell:Creating prefix chain script '/root/devws/src/turtlebot3_gazebo/install/setup.ps1'
[7.593s] INFO:colcon.colcon_core.shell:Creating prefix script '/root/devws/src/turtlebot3_gazebo/install/local_setup.sh'
[7.593s] INFO:colcon.colcon_core.shell:Creating prefix util module '/root/devws/src/turtlebot3_gazebo/install/_local_setup_util_sh.py'
[7.595s] INFO:colcon.colcon_core.shell:Creating prefix chain script '/root/devws/src/turtlebot3_gazebo/install/setup.sh'
[7.595s] INFO:colcon.colcon_core.shell:Creating prefix script '/root/devws/src/turtlebot3_gazebo/install/local_setup.bash'
[7.596s] INFO:colcon.colcon_core.shell:Creating prefix chain script '/root/devws/src/turtlebot3_gazebo/install/setup.bash'
[7.596s] INFO:colcon.colcon_core.shell:Creating prefix script '/root/devws/src/turtlebot3_gazebo/install/local_setup.zsh'
[7.596s] INFO:colcon.colcon_core.shell:Creating prefix chain script '/root/devws/src/turtlebot3_gazebo/install/setup.zsh'
