[0.009s] Invoking command in '/root/devws/src/turtlebot3_gazebo/build/turtlebot3_gazebo': CMAKE_PREFIX_PATH=${CMAKE_PREFIX_PATH}:/root/devws/install/rostut:/root/devws/install/lid_control:/opt/ros/jazzy /usr/bin/cmake /root/devws/src/turtlebot3_gazebo -DCMAKE_INSTALL_PREFIX=/root/devws/src/turtlebot3_gazebo/install/turtlebot3_gazebo
[0.055s] -- The C compiler identification is GNU 13.3.0
[0.095s] -- The CXX compiler identification is GNU 13.3.0
[0.107s] -- Detecting C compiler ABI info
[0.177s] -- Detecting C compiler ABI info - done
[0.183s] -- Check for working C compiler: /usr/bin/cc - skipped
[0.183s] -- Detecting C compile features
[0.184s] -- Detecting C compile features - done
[0.191s] -- Detecting CXX compiler ABI info
[0.265s] -- Detecting CXX compiler ABI info - done
[0.272s] -- Check for working CXX compiler: /usr/bin/c++ - skipped
[0.272s] -- Detecting CXX compile features
[0.273s] -- Detecting CXX compile features - done
[0.276s] -- Found ament_cmake: 2.5.4 (/opt/ros/jazzy/share/ament_cmake/cmake)
[0.388s] -- Found Python3: /usr/bin/python3 (found version "3.12.3") found components: Interpreter 
[0.468s] -- Found ros_gz_sim: 1.0.12 (/opt/ros/jazzy/share/ros_gz_sim/cmake)
[0.503s] -- Found rosidl_generator_c: 4.6.5 (/opt/ros/jazzy/share/rosidl_generator_c/cmake)
[0.514s] -- Found rosidl_generator_cpp: 4.6.5 (/opt/ros/jazzy/share/rosidl_generator_cpp/cmake)
[0.528s] -- Using all available rosidl_typesupport_c: rosidl_typesupport_fastrtps_c;rosidl_typesupport_introspection_c
[0.542s] -- Using all available rosidl_typesupport_cpp: rosidl_typesupport_fastrtps_cpp;rosidl_typesupport_introspection_cpp
[0.602s] -- Found rmw_implementation_cmake: 7.3.2 (/opt/ros/jazzy/share/rmw_implementation_cmake/cmake)
[0.606s] -- Found rmw_fastrtps_cpp: 8.4.2 (/opt/ros/jazzy/share/rmw_fastrtps_cpp/cmake)
[0.675s] -- Found OpenSSL: /usr/lib/x86_64-linux-gnu/libcrypto.so (found version "3.0.13")  
[0.688s] -- Found FastRTPS: /opt/ros/jazzy/include (Required is at least version "2.13") 
[0.707s] -- Using RMW implementation 'rmw_fastrtps_cpp' as default
[0.882s] -- Found nav_msgs: 5.3.6 (/opt/ros/jazzy/share/nav_msgs/cmake)
[0.900s] -- Found sensor_msgs: 5.3.6 (/opt/ros/jazzy/share/sensor_msgs/cmake)
[0.972s] -- Configuring done (1.0s)
[0.981s] -- Generating done (0.0s)
[0.983s] -- Build files have been written to: /root/devws/src/turtlebot3_gazebo/build/turtlebot3_gazebo
[0.991s] Invoked command in '/root/devws/src/turtlebot3_gazebo/build/turtlebot3_gazebo' returned '0': CMAKE_PREFIX_PATH=${CMAKE_PREFIX_PATH}:/root/devws/install/rostut:/root/devws/install/lid_control:/opt/ros/jazzy /usr/bin/cmake /root/devws/src/turtlebot3_gazebo -DCMAKE_INSTALL_PREFIX=/root/devws/src/turtlebot3_gazebo/install/turtlebot3_gazebo
[0.992s] Invoking command in '/root/devws/src/turtlebot3_gazebo/build/turtlebot3_gazebo': CMAKE_PREFIX_PATH=${CMAKE_PREFIX_PATH}:/root/devws/install/rostut:/root/devws/install/lid_control:/opt/ros/jazzy /usr/bin/cmake --build /root/devws/src/turtlebot3_gazebo/build/turtlebot3_gazebo -- -j22 -l22
[1.030s] [ 50%] [32mBuilding CXX object CMakeFiles/turtlebot3_drive.dir/src/turtlebot3_drive.cpp.o[0m
[7.186s] [100%] [32m[1mLinking CXX executable turtlebot3_drive[0m
[7.417s] [100%] Built target turtlebot3_drive
[7.426s] Invoked command in '/root/devws/src/turtlebot3_gazebo/build/turtlebot3_gazebo' returned '0': CMAKE_PREFIX_PATH=${CMAKE_PREFIX_PATH}:/root/devws/install/rostut:/root/devws/install/lid_control:/opt/ros/jazzy /usr/bin/cmake --build /root/devws/src/turtlebot3_gazebo/build/turtlebot3_gazebo -- -j22 -l22
[7.432s] Invoking command in '/root/devws/src/turtlebot3_gazebo/build/turtlebot3_gazebo': CMAKE_PREFIX_PATH=${CMAKE_PREFIX_PATH}:/root/devws/install/rostut:/root/devws/install/lid_control:/opt/ros/jazzy /usr/bin/cmake --install /root/devws/src/turtlebot3_gazebo/build/turtlebot3_gazebo
[7.438s] -- Install configuration: ""
[7.438s] -- Installing: /root/devws/src/turtlebot3_gazebo/install/turtlebot3_gazebo/lib/turtlebot3_gazebo/turtlebot3_drive
[7.446s] -- Set non-toolchain portion of runtime path of "/root/devws/src/turtlebot3_gazebo/install/turtlebot3_gazebo/lib/turtlebot3_gazebo/turtlebot3_drive" to ""
[7.446s] -- Installing: /root/devws/src/turtlebot3_gazebo/install/turtlebot3_gazebo/lib/turtlebot3_gazebo/yolo_object_follower.py
[7.446s] -- Installing: /root/devws/src/turtlebot3_gazebo/install/turtlebot3_gazebo/lib/turtlebot3_gazebo/spawn_person.py
[7.446s] -- Installing: /root/devws/src/turtlebot3_gazebo/install/turtlebot3_gazebo/lib/turtlebot3_gazebo/create_office_map.py
[7.446s] -- Installing: /root/devws/src/turtlebot3_gazebo/install/turtlebot3_gazebo/share/turtlebot3_gazebo//launch
[7.446s] -- Installing: /root/devws/src/turtlebot3_gazebo/install/turtlebot3_gazebo/share/turtlebot3_gazebo//launch/empty_world.launch.py
[7.446s] -- Installing: /root/devws/src/turtlebot3_gazebo/install/turtlebot3_gazebo/share/turtlebot3_gazebo//launch/robot_state_publisher.launch.py
[7.446s] -- Installing: /root/devws/src/turtlebot3_gazebo/install/turtlebot3_gazebo/share/turtlebot3_gazebo//launch/spawn_turtlebot3.launch.py
[7.448s] -- Installing: /root/devws/src/turtlebot3_gazebo/install/turtlebot3_gazebo/share/turtlebot3_gazebo//launch/turtlebot3_house.launch.py
[7.448s] -- Installing: /root/devws/src/turtlebot3_gazebo/install/turtlebot3_gazebo/share/turtlebot3_gazebo//launch/turtlebot3_world.launch.py
[7.448s] -- Installing: /root/devws/src/turtlebot3_gazebo/install/turtlebot3_gazebo/share/turtlebot3_gazebo//launch/turtlebot3_world_with_lid.launch.py
[7.448s] -- Installing: /root/devws/src/turtlebot3_gazebo/install/turtlebot3_gazebo/share/turtlebot3_gazebo//launch/robot_state_publisher_with_lid.launch.py
[7.448s] -- Installing: /root/devws/src/turtlebot3_gazebo/install/turtlebot3_gazebo/share/turtlebot3_gazebo//launch/turtlebot3_office.launch.py
[7.449s] -- Installing: /root/devws/src/turtlebot3_gazebo/install/turtlebot3_gazebo/share/turtlebot3_gazebo//models
[7.449s] -- Installing: /root/devws/src/turtlebot3_gazebo/install/turtlebot3_gazebo/share/turtlebot3_gazebo//models/person_standing
[7.449s] -- Installing: /root/devws/src/turtlebot3_gazebo/install/turtlebot3_gazebo/share/turtlebot3_gazebo//models/person_standing/materials
[7.449s] -- Installing: /root/devws/src/turtlebot3_gazebo/install/turtlebot3_gazebo/share/turtlebot3_gazebo//models/person_standing/materials/textures
[7.449s] -- Installing: /root/devws/src/turtlebot3_gazebo/install/turtlebot3_gazebo/share/turtlebot3_gazebo//models/person_standing/materials/textures/eyebrow001-unmodified.png
[7.449s] -- Installing: /root/devws/src/turtlebot3_gazebo/install/turtlebot3_gazebo/share/turtlebot3_gazebo//models/person_standing/materials/textures/eyebrow001.png
[7.449s] -- Installing: /root/devws/src/turtlebot3_gazebo/install/turtlebot3_gazebo/share/turtlebot3_gazebo//models/person_standing/materials/textures/green_eye.png
[7.449s] -- Installing: /root/devws/src/turtlebot3_gazebo/install/turtlebot3_gazebo/share/turtlebot3_gazebo//models/person_standing/materials/textures/jeans01_normals.png
[7.449s] -- Installing: /root/devws/src/turtlebot3_gazebo/install/turtlebot3_gazebo/share/turtlebot3_gazebo//models/person_standing/materials/textures/jeans_basic_diffuse.png
[7.449s] -- Installing: /root/devws/src/turtlebot3_gazebo/install/turtlebot3_gazebo/share/turtlebot3_gazebo//models/person_standing/materials/textures/male02_diffuse_black-unmodified.png
[7.449s] -- Installing: /root/devws/src/turtlebot3_gazebo/install/turtlebot3_gazebo/share/turtlebot3_gazebo//models/person_standing/materials/textures/male02_diffuse_black.png
[7.450s] -- Installing: /root/devws/src/turtlebot3_gazebo/install/turtlebot3_gazebo/share/turtlebot3_gazebo//models/person_standing/materials/textures/teeth.png
[7.450s] -- Installing: /root/devws/src/turtlebot3_gazebo/install/turtlebot3_gazebo/share/turtlebot3_gazebo//models/person_standing/materials/textures/tshirt02_normals.png
[7.450s] -- Installing: /root/devws/src/turtlebot3_gazebo/install/turtlebot3_gazebo/share/turtlebot3_gazebo//models/person_standing/materials/textures/tshirt02_texture.png
[7.450s] -- Installing: /root/devws/src/turtlebot3_gazebo/install/turtlebot3_gazebo/share/turtlebot3_gazebo//models/person_standing/materials/textures/young_lightskinned_male_diffuse.png
[7.450s] -- Installing: /root/devws/src/turtlebot3_gazebo/install/turtlebot3_gazebo/share/turtlebot3_gazebo//models/person_standing/meshes
[7.450s] -- Installing: /root/devws/src/turtlebot3_gazebo/install/turtlebot3_gazebo/share/turtlebot3_gazebo//models/person_standing/meshes/standing.dae
[7.450s] -- Installing: /root/devws/src/turtlebot3_gazebo/install/turtlebot3_gazebo/share/turtlebot3_gazebo//models/person_standing/model.config
[7.450s] -- Installing: /root/devws/src/turtlebot3_gazebo/install/turtlebot3_gazebo/share/turtlebot3_gazebo//models/person_standing/model.sdf
[7.450s] -- Installing: /root/devws/src/turtlebot3_gazebo/install/turtlebot3_gazebo/share/turtlebot3_gazebo//models/person_standing/thumbnails
[7.450s] -- Installing: /root/devws/src/turtlebot3_gazebo/install/turtlebot3_gazebo/share/turtlebot3_gazebo//models/person_standing/thumbnails/1.png
[7.450s] -- Installing: /root/devws/src/turtlebot3_gazebo/install/turtlebot3_gazebo/share/turtlebot3_gazebo//models/person_standing/thumbnails/2.png
[7.450s] -- Installing: /root/devws/src/turtlebot3_gazebo/install/turtlebot3_gazebo/share/turtlebot3_gazebo//models/person_standing/thumbnails/3.png
[7.451s] -- Installing: /root/devws/src/turtlebot3_gazebo/install/turtlebot3_gazebo/share/turtlebot3_gazebo//models/person_standing/thumbnails/4.png
[7.451s] -- Installing: /root/devws/src/turtlebot3_gazebo/install/turtlebot3_gazebo/share/turtlebot3_gazebo//models/person_standing/thumbnails/5.png
[7.451s] -- Installing: /root/devws/src/turtlebot3_gazebo/install/turtlebot3_gazebo/share/turtlebot3_gazebo//models/turtlebot3_burger
[7.451s] -- Installing: /root/devws/src/turtlebot3_gazebo/install/turtlebot3_gazebo/share/turtlebot3_gazebo//models/turtlebot3_burger/model-1_4.sdf
[7.451s] -- Installing: /root/devws/src/turtlebot3_gazebo/install/turtlebot3_gazebo/share/turtlebot3_gazebo//models/turtlebot3_burger/model.config
[7.451s] -- Installing: /root/devws/src/turtlebot3_gazebo/install/turtlebot3_gazebo/share/turtlebot3_gazebo//models/turtlebot3_burger/model.sdf
[7.451s] -- Installing: /root/devws/src/turtlebot3_gazebo/install/turtlebot3_gazebo/share/turtlebot3_gazebo//models/turtlebot3_burger_cam
[7.451s] -- Installing: /root/devws/src/turtlebot3_gazebo/install/turtlebot3_gazebo/share/turtlebot3_gazebo//models/turtlebot3_burger_cam/model-1_4.sdf
[7.451s] -- Installing: /root/devws/src/turtlebot3_gazebo/install/turtlebot3_gazebo/share/turtlebot3_gazebo//models/turtlebot3_burger_cam/model.config
[7.451s] -- Installing: /root/devws/src/turtlebot3_gazebo/install/turtlebot3_gazebo/share/turtlebot3_gazebo//models/turtlebot3_burger_cam/model.sdf
[7.451s] -- Installing: /root/devws/src/turtlebot3_gazebo/install/turtlebot3_gazebo/share/turtlebot3_gazebo//models/turtlebot3_common
[7.451s] -- Installing: /root/devws/src/turtlebot3_gazebo/install/turtlebot3_gazebo/share/turtlebot3_gazebo//models/turtlebot3_common/meshes
[7.451s] -- Installing: /root/devws/src/turtlebot3_gazebo/install/turtlebot3_gazebo/share/turtlebot3_gazebo//models/turtlebot3_common/meshes/bases
[7.452s] -- Installing: /root/devws/src/turtlebot3_gazebo/install/turtlebot3_gazebo/share/turtlebot3_gazebo//models/turtlebot3_common/meshes/bases/burger_base.stl
[7.452s] -- Installing: /root/devws/src/turtlebot3_gazebo/install/turtlebot3_gazebo/share/turtlebot3_gazebo//models/turtlebot3_common/meshes/bases/waffle_base.stl
[7.452s] -- Installing: /root/devws/src/turtlebot3_gazebo/install/turtlebot3_gazebo/share/turtlebot3_gazebo//models/turtlebot3_common/meshes/bases/waffle_pi_base.stl
[7.452s] -- Installing: /root/devws/src/turtlebot3_gazebo/install/turtlebot3_gazebo/share/turtlebot3_gazebo//models/turtlebot3_common/meshes/burger_base.dae
[7.452s] -- Installing: /root/devws/src/turtlebot3_gazebo/install/turtlebot3_gazebo/share/turtlebot3_gazebo//models/turtlebot3_common/meshes/lds.dae
[7.452s] -- Installing: /root/devws/src/turtlebot3_gazebo/install/turtlebot3_gazebo/share/turtlebot3_gazebo//models/turtlebot3_common/meshes/r200.dae
[7.452s] -- Installing: /root/devws/src/turtlebot3_gazebo/install/turtlebot3_gazebo/share/turtlebot3_gazebo//models/turtlebot3_common/meshes/sensors
[7.452s] -- Installing: /root/devws/src/turtlebot3_gazebo/install/turtlebot3_gazebo/share/turtlebot3_gazebo//models/turtlebot3_common/meshes/sensors/astra.dae
[7.452s] -- Installing: /root/devws/src/turtlebot3_gazebo/install/turtlebot3_gazebo/share/turtlebot3_gazebo//models/turtlebot3_common/meshes/sensors/astra.jpg
[7.452s] -- Installing: /root/devws/src/turtlebot3_gazebo/install/turtlebot3_gazebo/share/turtlebot3_gazebo//models/turtlebot3_common/meshes/sensors/lds.stl
[7.452s] -- Installing: /root/devws/src/turtlebot3_gazebo/install/turtlebot3_gazebo/share/turtlebot3_gazebo//models/turtlebot3_common/meshes/sensors/r200.dae
[7.452s] -- Installing: /root/devws/src/turtlebot3_gazebo/install/turtlebot3_gazebo/share/turtlebot3_gazebo//models/turtlebot3_common/meshes/sensors/r200.jpg
[7.452s] -- Installing: /root/devws/src/turtlebot3_gazebo/install/turtlebot3_gazebo/share/turtlebot3_gazebo//models/turtlebot3_common/meshes/tire.dae
[7.453s] -- Installing: /root/devws/src/turtlebot3_gazebo/install/turtlebot3_gazebo/share/turtlebot3_gazebo//models/turtlebot3_common/meshes/waffle_base.dae
[7.453s] -- Installing: /root/devws/src/turtlebot3_gazebo/install/turtlebot3_gazebo/share/turtlebot3_gazebo//models/turtlebot3_common/meshes/waffle_pi_base.dae
[7.453s] -- Installing: /root/devws/src/turtlebot3_gazebo/install/turtlebot3_gazebo/share/turtlebot3_gazebo//models/turtlebot3_common/meshes/wheels
[7.453s] -- Installing: /root/devws/src/turtlebot3_gazebo/install/turtlebot3_gazebo/share/turtlebot3_gazebo//models/turtlebot3_common/meshes/wheels/left_tire.stl
[7.453s] -- Installing: /root/devws/src/turtlebot3_gazebo/install/turtlebot3_gazebo/share/turtlebot3_gazebo//models/turtlebot3_common/meshes/wheels/right_tire.stl
[7.453s] -- Installing: /root/devws/src/turtlebot3_gazebo/install/turtlebot3_gazebo/share/turtlebot3_gazebo//models/turtlebot3_common/model.config
[7.453s] -- Installing: /root/devws/src/turtlebot3_gazebo/install/turtlebot3_gazebo/share/turtlebot3_gazebo//models/turtlebot3_house
[7.453s] -- Installing: /root/devws/src/turtlebot3_gazebo/install/turtlebot3_gazebo/share/turtlebot3_gazebo//models/turtlebot3_house/cafe_table
[7.453s] -- Installing: /root/devws/src/turtlebot3_gazebo/install/turtlebot3_gazebo/share/turtlebot3_gazebo//models/turtlebot3_house/cafe_table/materials
[7.453s] -- Installing: /root/devws/src/turtlebot3_gazebo/install/turtlebot3_gazebo/share/turtlebot3_gazebo//models/turtlebot3_house/cafe_table/materials/textures
[7.453s] -- Installing: /root/devws/src/turtlebot3_gazebo/install/turtlebot3_gazebo/share/turtlebot3_gazebo//models/turtlebot3_house/cafe_table/materials/textures/Maple.jpg
[7.453s] -- Installing: /root/devws/src/turtlebot3_gazebo/install/turtlebot3_gazebo/share/turtlebot3_gazebo//models/turtlebot3_house/cafe_table/materials/textures/Wood_Floor_Dark.jpg
[7.453s] -- Installing: /root/devws/src/turtlebot3_gazebo/install/turtlebot3_gazebo/share/turtlebot3_gazebo//models/turtlebot3_house/cafe_table/meshes
[7.453s] -- Installing: /root/devws/src/turtlebot3_gazebo/install/turtlebot3_gazebo/share/turtlebot3_gazebo//models/turtlebot3_house/cafe_table/meshes/cafe_table.dae
[7.453s] -- Installing: /root/devws/src/turtlebot3_gazebo/install/turtlebot3_gazebo/share/turtlebot3_gazebo//models/turtlebot3_house/cafe_table/model-1_4.sdf
[7.454s] -- Installing: /root/devws/src/turtlebot3_gazebo/install/turtlebot3_gazebo/share/turtlebot3_gazebo//models/turtlebot3_house/cafe_table/model.config
[7.454s] -- Installing: /root/devws/src/turtlebot3_gazebo/install/turtlebot3_gazebo/share/turtlebot3_gazebo//models/turtlebot3_house/cafe_table/model.sdf
[7.454s] -- Installing: /root/devws/src/turtlebot3_gazebo/install/turtlebot3_gazebo/share/turtlebot3_gazebo//models/turtlebot3_house/first_2015_trash_can
[7.454s] -- Installing: /root/devws/src/turtlebot3_gazebo/install/turtlebot3_gazebo/share/turtlebot3_gazebo//models/turtlebot3_house/first_2015_trash_can/meshes
[7.454s] -- Installing: /root/devws/src/turtlebot3_gazebo/install/turtlebot3_gazebo/share/turtlebot3_gazebo//models/turtlebot3_house/first_2015_trash_can/meshes/trash_can.dae
[7.454s] -- Installing: /root/devws/src/turtlebot3_gazebo/install/turtlebot3_gazebo/share/turtlebot3_gazebo//models/turtlebot3_house/first_2015_trash_can/model.config
[7.454s] -- Installing: /root/devws/src/turtlebot3_gazebo/install/turtlebot3_gazebo/share/turtlebot3_gazebo//models/turtlebot3_house/first_2015_trash_can/model.sdf
[7.454s] -- Installing: /root/devws/src/turtlebot3_gazebo/install/turtlebot3_gazebo/share/turtlebot3_gazebo//models/turtlebot3_house/mailbox
[7.454s] -- Installing: /root/devws/src/turtlebot3_gazebo/install/turtlebot3_gazebo/share/turtlebot3_gazebo//models/turtlebot3_house/mailbox/materials
[7.454s] -- Installing: /root/devws/src/turtlebot3_gazebo/install/turtlebot3_gazebo/share/turtlebot3_gazebo//models/turtlebot3_house/mailbox/materials/scripts
[7.455s] -- Installing: /root/devws/src/turtlebot3_gazebo/install/turtlebot3_gazebo/share/turtlebot3_gazebo//models/turtlebot3_house/mailbox/materials/scripts/mailbox.material
[7.455s] -- Installing: /root/devws/src/turtlebot3_gazebo/install/turtlebot3_gazebo/share/turtlebot3_gazebo//models/turtlebot3_house/mailbox/materials/textures
[7.455s] -- Installing: /root/devws/src/turtlebot3_gazebo/install/turtlebot3_gazebo/share/turtlebot3_gazebo//models/turtlebot3_house/mailbox/materials/textures/Mailbox_Diffuse.png
[7.455s] -- Installing: /root/devws/src/turtlebot3_gazebo/install/turtlebot3_gazebo/share/turtlebot3_gazebo//models/turtlebot3_house/mailbox/materials/textures/Mailbox_Diffuse.tga.orig
[7.455s] -- Installing: /root/devws/src/turtlebot3_gazebo/install/turtlebot3_gazebo/share/turtlebot3_gazebo//models/turtlebot3_house/mailbox/materials/textures/Mailbox_Spec.png
[7.455s] -- Installing: /root/devws/src/turtlebot3_gazebo/install/turtlebot3_gazebo/share/turtlebot3_gazebo//models/turtlebot3_house/mailbox/meshes
[7.455s] -- Installing: /root/devws/src/turtlebot3_gazebo/install/turtlebot3_gazebo/share/turtlebot3_gazebo//models/turtlebot3_house/mailbox/meshes/mailbox.dae
[7.455s] -- Installing: /root/devws/src/turtlebot3_gazebo/install/turtlebot3_gazebo/share/turtlebot3_gazebo//models/turtlebot3_house/mailbox/model-1_3.sdf
[7.455s] -- Installing: /root/devws/src/turtlebot3_gazebo/install/turtlebot3_gazebo/share/turtlebot3_gazebo//models/turtlebot3_house/mailbox/model-1_4.sdf
[7.455s] -- Installing: /root/devws/src/turtlebot3_gazebo/install/turtlebot3_gazebo/share/turtlebot3_gazebo//models/turtlebot3_house/mailbox/model.config
[7.455s] -- Installing: /root/devws/src/turtlebot3_gazebo/install/turtlebot3_gazebo/share/turtlebot3_gazebo//models/turtlebot3_house/mailbox/model.sdf
[7.455s] -- Installing: /root/devws/src/turtlebot3_gazebo/install/turtlebot3_gazebo/share/turtlebot3_gazebo//models/turtlebot3_house/model.config
[7.456s] -- Installing: /root/devws/src/turtlebot3_gazebo/install/turtlebot3_gazebo/share/turtlebot3_gazebo//models/turtlebot3_house/model.sdf
[7.456s] -- Installing: /root/devws/src/turtlebot3_gazebo/install/turtlebot3_gazebo/share/turtlebot3_gazebo//models/turtlebot3_house/table_marble
[7.456s] -- Installing: /root/devws/src/turtlebot3_gazebo/install/turtlebot3_gazebo/share/turtlebot3_gazebo//models/turtlebot3_house/table_marble/materials
[7.456s] -- Installing: /root/devws/src/turtlebot3_gazebo/install/turtlebot3_gazebo/share/turtlebot3_gazebo//models/turtlebot3_house/table_marble/materials/scripts
[7.456s] -- Installing: /root/devws/src/turtlebot3_gazebo/install/turtlebot3_gazebo/share/turtlebot3_gazebo//models/turtlebot3_house/table_marble/materials/scripts/table_lightmap.material
[7.456s] -- Installing: /root/devws/src/turtlebot3_gazebo/install/turtlebot3_gazebo/share/turtlebot3_gazebo//models/turtlebot3_house/table_marble/materials/textures
[7.456s] -- Installing: /root/devws/src/turtlebot3_gazebo/install/turtlebot3_gazebo/share/turtlebot3_gazebo//models/turtlebot3_house/table_marble/materials/textures/marble.png
[7.456s] -- Installing: /root/devws/src/turtlebot3_gazebo/install/turtlebot3_gazebo/share/turtlebot3_gazebo//models/turtlebot3_house/table_marble/materials/textures/table_lightmap.png
[7.456s] -- Installing: /root/devws/src/turtlebot3_gazebo/install/turtlebot3_gazebo/share/turtlebot3_gazebo//models/turtlebot3_house/table_marble/meshes
[7.456s] -- Installing: /root/devws/src/turtlebot3_gazebo/install/turtlebot3_gazebo/share/turtlebot3_gazebo//models/turtlebot3_house/table_marble/meshes/table_lightmap.dae
[7.456s] -- Installing: /root/devws/src/turtlebot3_gazebo/install/turtlebot3_gazebo/share/turtlebot3_gazebo//models/turtlebot3_house/table_marble/model-1_4.sdf
[7.456s] -- Installing: /root/devws/src/turtlebot3_gazebo/install/turtlebot3_gazebo/share/turtlebot3_gazebo//models/turtlebot3_house/table_marble/model.config
[7.456s] -- Installing: /root/devws/src/turtlebot3_gazebo/install/turtlebot3_gazebo/share/turtlebot3_gazebo//models/turtlebot3_house/table_marble/model.sdf
[7.457s] -- Installing: /root/devws/src/turtlebot3_gazebo/install/turtlebot3_gazebo/share/turtlebot3_gazebo//models/turtlebot3_house/textures
[7.457s] -- Installing: /root/devws/src/turtlebot3_gazebo/install/turtlebot3_gazebo/share/turtlebot3_gazebo//models/turtlebot3_house/textures/bricks.png
[7.457s] -- Installing: /root/devws/src/turtlebot3_gazebo/install/turtlebot3_gazebo/share/turtlebot3_gazebo//models/turtlebot3_house/textures/wood.png
[7.457s] -- Installing: /root/devws/src/turtlebot3_gazebo/install/turtlebot3_gazebo/share/turtlebot3_gazebo//models/turtlebot3_waffle
[7.457s] -- Installing: /root/devws/src/turtlebot3_gazebo/install/turtlebot3_gazebo/share/turtlebot3_gazebo//models/turtlebot3_waffle/model-1_4.sdf
[7.457s] -- Installing: /root/devws/src/turtlebot3_gazebo/install/turtlebot3_gazebo/share/turtlebot3_gazebo//models/turtlebot3_waffle/model.config
[7.457s] -- Installing: /root/devws/src/turtlebot3_gazebo/install/turtlebot3_gazebo/share/turtlebot3_gazebo//models/turtlebot3_waffle/model.sdf
[7.457s] -- Installing: /root/devws/src/turtlebot3_gazebo/install/turtlebot3_gazebo/share/turtlebot3_gazebo//models/turtlebot3_waffle_pi
[7.457s] -- Installing: /root/devws/src/turtlebot3_gazebo/install/turtlebot3_gazebo/share/turtlebot3_gazebo//models/turtlebot3_waffle_pi/model-1_4_.sdf
[7.457s] -- Installing: /root/devws/src/turtlebot3_gazebo/install/turtlebot3_gazebo/share/turtlebot3_gazebo//models/turtlebot3_waffle_pi/model.config
[7.457s] -- Installing: /root/devws/src/turtlebot3_gazebo/install/turtlebot3_gazebo/share/turtlebot3_gazebo//models/turtlebot3_waffle_pi/model.sdf
[7.457s] -- Installing: /root/devws/src/turtlebot3_gazebo/install/turtlebot3_gazebo/share/turtlebot3_gazebo//models/turtlebot3_waffle_pi/model_fallback.sdf
[7.457s] -- Installing: /root/devws/src/turtlebot3_gazebo/install/turtlebot3_gazebo/share/turtlebot3_gazebo//models/turtlebot3_world
[7.457s] -- Installing: /root/devws/src/turtlebot3_gazebo/install/turtlebot3_gazebo/share/turtlebot3_gazebo//models/turtlebot3_world/meshes
[7.457s] -- Installing: /root/devws/src/turtlebot3_gazebo/install/turtlebot3_gazebo/share/turtlebot3_gazebo//models/turtlebot3_world/meshes/hexagon.dae
[7.458s] -- Installing: /root/devws/src/turtlebot3_gazebo/install/turtlebot3_gazebo/share/turtlebot3_gazebo//models/turtlebot3_world/meshes/wall.dae
[7.458s] -- Installing: /root/devws/src/turtlebot3_gazebo/install/turtlebot3_gazebo/share/turtlebot3_gazebo//models/turtlebot3_world/model-1_4.sdf
[7.458s] -- Installing: /root/devws/src/turtlebot3_gazebo/install/turtlebot3_gazebo/share/turtlebot3_gazebo//models/turtlebot3_world/model.config
[7.458s] -- Installing: /root/devws/src/turtlebot3_gazebo/install/turtlebot3_gazebo/share/turtlebot3_gazebo//models/turtlebot3_world/model.sdf
[7.458s] -- Installing: /root/devws/src/turtlebot3_gazebo/install/turtlebot3_gazebo/share/turtlebot3_gazebo//params
[7.458s] -- Installing: /root/devws/src/turtlebot3_gazebo/install/turtlebot3_gazebo/share/turtlebot3_gazebo//params/turtlebot3_burger_bridge.yaml
[7.458s] -- Installing: /root/devws/src/turtlebot3_gazebo/install/turtlebot3_gazebo/share/turtlebot3_gazebo//params/turtlebot3_burger_cam_bridge.yaml
[7.458s] -- Installing: /root/devws/src/turtlebot3_gazebo/install/turtlebot3_gazebo/share/turtlebot3_gazebo//params/turtlebot3_waffle_bridge.yaml
[7.458s] -- Installing: /root/devws/src/turtlebot3_gazebo/install/turtlebot3_gazebo/share/turtlebot3_gazebo//params/turtlebot3_waffle_pi_bridge.yaml
[7.459s] -- Installing: /root/devws/src/turtlebot3_gazebo/install/turtlebot3_gazebo/share/turtlebot3_gazebo//rviz
[7.459s] -- Installing: /root/devws/src/turtlebot3_gazebo/install/turtlebot3_gazebo/share/turtlebot3_gazebo//rviz/tb3_gazebo.rviz
[7.459s] -- Installing: /root/devws/src/turtlebot3_gazebo/install/turtlebot3_gazebo/share/turtlebot3_gazebo//rviz/tb3_office.rviz
[7.459s] -- Installing: /root/devws/src/turtlebot3_gazebo/install/turtlebot3_gazebo/share/turtlebot3_gazebo//urdf
[7.459s] -- Installing: /root/devws/src/turtlebot3_gazebo/install/turtlebot3_gazebo/share/turtlebot3_gazebo//urdf/common_properties.urdf
[7.459s] -- Installing: /root/devws/src/turtlebot3_gazebo/install/turtlebot3_gazebo/share/turtlebot3_gazebo//urdf/turtlebot3_burger.urdf
[7.459s] -- Installing: /root/devws/src/turtlebot3_gazebo/install/turtlebot3_gazebo/share/turtlebot3_gazebo//urdf/turtlebot3_burger_cam.urdf
[7.459s] -- Installing: /root/devws/src/turtlebot3_gazebo/install/turtlebot3_gazebo/share/turtlebot3_gazebo//urdf/turtlebot3_waffle.urdf
[7.459s] -- Installing: /root/devws/src/turtlebot3_gazebo/install/turtlebot3_gazebo/share/turtlebot3_gazebo//urdf/turtlebot3_waffle_pi.urdf
[7.459s] -- Installing: /root/devws/src/turtlebot3_gazebo/install/turtlebot3_gazebo/share/turtlebot3_gazebo//urdf/turtlebot3_waffle_pi.urdf.xacro
[7.459s] -- Installing: /root/devws/src/turtlebot3_gazebo/install/turtlebot3_gazebo/share/turtlebot3_gazebo//urdf/turtlebot3_waffle_pi_with_lid.urdf.xacro
[7.459s] -- Installing: /root/devws/src/turtlebot3_gazebo/install/turtlebot3_gazebo/share/turtlebot3_gazebo//worlds
[7.459s] -- Installing: /root/devws/src/turtlebot3_gazebo/install/turtlebot3_gazebo/share/turtlebot3_gazebo//worlds/empty_world.world
[7.459s] -- Installing: /root/devws/src/turtlebot3_gazebo/install/turtlebot3_gazebo/share/turtlebot3_gazebo//worlds/turtlebot3_autorace_2020.world
[7.459s] -- Installing: /root/devws/src/turtlebot3_gazebo/install/turtlebot3_gazebo/share/turtlebot3_gazebo//worlds/turtlebot3_dqn_stage1.world
[7.459s] -- Installing: /root/devws/src/turtlebot3_gazebo/install/turtlebot3_gazebo/share/turtlebot3_gazebo//worlds/turtlebot3_dqn_stage2.world
[7.459s] -- Installing: /root/devws/src/turtlebot3_gazebo/install/turtlebot3_gazebo/share/turtlebot3_gazebo//worlds/turtlebot3_dqn_stage3.world
[7.460s] -- Installing: /root/devws/src/turtlebot3_gazebo/install/turtlebot3_gazebo/share/turtlebot3_gazebo//worlds/turtlebot3_dqn_stage4.world
[7.460s] -- Installing: /root/devws/src/turtlebot3_gazebo/install/turtlebot3_gazebo/share/turtlebot3_gazebo//worlds/turtlebot3_house.world
[7.460s] -- Installing: /root/devws/src/turtlebot3_gazebo/install/turtlebot3_gazebo/share/turtlebot3_gazebo//worlds/turtlebot3_world.world
[7.460s] -- Installing: /root/devws/src/turtlebot3_gazebo/install/turtlebot3_gazebo/share/turtlebot3_gazebo//worlds/turtlebot3_office.world
[7.460s] -- Installing: /root/devws/src/turtlebot3_gazebo/install/turtlebot3_gazebo/share/turtlebot3_gazebo//maps
[7.460s] -- Installing: /root/devws/src/turtlebot3_gazebo/install/turtlebot3_gazebo/share/turtlebot3_gazebo//maps/office_map.yaml
[7.460s] -- Installing: /root/devws/src/turtlebot3_gazebo/install/turtlebot3_gazebo/share/turtlebot3_gazebo//maps/office_map.pgm
[7.460s] -- Installing: /root/devws/src/turtlebot3_gazebo/install/turtlebot3_gazebo/share/turtlebot3_gazebo/scripts/
[7.460s] -- Installing: /root/devws/src/turtlebot3_gazebo/install/turtlebot3_gazebo/share/turtlebot3_gazebo/scripts//spawn_person.py
[7.460s] -- Installing: /root/devws/src/turtlebot3_gazebo/install/turtlebot3_gazebo/share/turtlebot3_gazebo/scripts//yolo_object_follower.py
[7.460s] -- Installing: /root/devws/src/turtlebot3_gazebo/install/turtlebot3_gazebo/share/turtlebot3_gazebo/scripts//create_office_map.py
[7.460s] -- Installing: /root/devws/src/turtlebot3_gazebo/install/turtlebot3_gazebo/include/
[7.460s] -- Installing: /root/devws/src/turtlebot3_gazebo/install/turtlebot3_gazebo/include//turtlebot3_gazebo
[7.460s] -- Installing: /root/devws/src/turtlebot3_gazebo/install/turtlebot3_gazebo/include//turtlebot3_gazebo/obstacle1.hpp
[7.460s] -- Installing: /root/devws/src/turtlebot3_gazebo/install/turtlebot3_gazebo/include//turtlebot3_gazebo/obstacle2.hpp
[7.460s] -- Installing: /root/devws/src/turtlebot3_gazebo/install/turtlebot3_gazebo/include//turtlebot3_gazebo/obstacles.hpp
[7.460s] -- Installing: /root/devws/src/turtlebot3_gazebo/install/turtlebot3_gazebo/include//turtlebot3_gazebo/traffic_bar_plugin.hpp
[7.460s] -- Installing: /root/devws/src/turtlebot3_gazebo/install/turtlebot3_gazebo/include//turtlebot3_gazebo/traffic_light_plugin.hpp
[7.460s] -- Installing: /root/devws/src/turtlebot3_gazebo/install/turtlebot3_gazebo/include//turtlebot3_gazebo/turtlebot3_drive.hpp
[7.460s] -- Installing: /root/devws/src/turtlebot3_gazebo/install/turtlebot3_gazebo/share/ament_index/resource_index/package_run_dependencies/turtlebot3_gazebo
[7.460s] -- Installing: /root/devws/src/turtlebot3_gazebo/install/turtlebot3_gazebo/share/ament_index/resource_index/parent_prefix_path/turtlebot3_gazebo
[7.461s] -- Installing: /root/devws/src/turtlebot3_gazebo/install/turtlebot3_gazebo/share/turtlebot3_gazebo/environment/ament_prefix_path.sh
[7.461s] -- Installing: /root/devws/src/turtlebot3_gazebo/install/turtlebot3_gazebo/share/turtlebot3_gazebo/environment/ament_prefix_path.dsv
[7.461s] -- Installing: /root/devws/src/turtlebot3_gazebo/install/turtlebot3_gazebo/share/turtlebot3_gazebo/environment/path.sh
[7.461s] -- Installing: /root/devws/src/turtlebot3_gazebo/install/turtlebot3_gazebo/share/turtlebot3_gazebo/environment/path.dsv
[7.461s] -- Installing: /root/devws/src/turtlebot3_gazebo/install/turtlebot3_gazebo/share/turtlebot3_gazebo/local_setup.bash
[7.461s] -- Installing: /root/devws/src/turtlebot3_gazebo/install/turtlebot3_gazebo/share/turtlebot3_gazebo/local_setup.sh
[7.461s] -- Installing: /root/devws/src/turtlebot3_gazebo/install/turtlebot3_gazebo/share/turtlebot3_gazebo/local_setup.zsh
[7.461s] -- Installing: /root/devws/src/turtlebot3_gazebo/install/turtlebot3_gazebo/share/turtlebot3_gazebo/local_setup.dsv
[7.461s] -- Installing: /root/devws/src/turtlebot3_gazebo/install/turtlebot3_gazebo/share/turtlebot3_gazebo/package.dsv
[7.461s] -- Installing: /root/devws/src/turtlebot3_gazebo/install/turtlebot3_gazebo/share/ament_index/resource_index/packages/turtlebot3_gazebo
[7.461s] -- Installing: /root/devws/src/turtlebot3_gazebo/install/turtlebot3_gazebo/share/turtlebot3_gazebo/cmake/ament_cmake_export_include_directories-extras.cmake
[7.461s] -- Installing: /root/devws/src/turtlebot3_gazebo/install/turtlebot3_gazebo/share/turtlebot3_gazebo/cmake/ament_cmake_export_dependencies-extras.cmake
[7.461s] -- Installing: /root/devws/src/turtlebot3_gazebo/install/turtlebot3_gazebo/share/turtlebot3_gazebo/cmake/turtlebot3_gazeboConfig.cmake
[7.461s] -- Installing: /root/devws/src/turtlebot3_gazebo/install/turtlebot3_gazebo/share/turtlebot3_gazebo/cmake/turtlebot3_gazeboConfig-version.cmake
[7.461s] -- Installing: /root/devws/src/turtlebot3_gazebo/install/turtlebot3_gazebo/share/turtlebot3_gazebo/package.xml
[7.461s] Invoked command in '/root/devws/src/turtlebot3_gazebo/build/turtlebot3_gazebo' returned '0': CMAKE_PREFIX_PATH=${CMAKE_PREFIX_PATH}:/root/devws/install/rostut:/root/devws/install/lid_control:/opt/ros/jazzy /usr/bin/cmake --install /root/devws/src/turtlebot3_gazebo/build/turtlebot3_gazebo
